WARNING:We recommend using a newer Android Gradle plugin to use compileSdk = 34  This Android Gradle plugin (7.3.1) was tested up to compileSdk = 33  This warning can be suppressed by adding     android.suppressUnsupportedCompileSdk=34 to this project's gradle.properties  The build will continue, but you are strongly encouraged to update your project to use a newer Android Gradle Plugin that has been tested with compileSdk = 34 Checking the license for package Android SDK Build-Tools 30.0.3 in C:\Users\Rifqi Hadi\AppData\Local\Android\sdk\licenses Warning: License for package Android SDK Build-Tools 30.0.3 not accepted. Checking the license for package Android SDK Platform 34 in C:\Users\Rifqi Hadi\AppData\Local\Android\sdk\licenses Warning: License for package Android SDK Platform 34 not accepted.  FAILURE: Build failed with an exception.  * What went wrong: Could not determine the dependencies of task ':app:compileDebugJavaWithJavac'. > Failed to install the following Android SDK packages as some licences have not been accepted.      platforms;android-34 Android SDK Platform 34      build-tools;30.0.3 Android SDK Build-Tools 30.0.3   To build this project, accept the SDK license agreements and install the missing components using the Android Studio SDK Manager.   All licenses can be accepted using the sdkmanager command line tool:   sdkmanager --licenses   Or, to transfer the license agreements from one workstation to another, see https://developer.android.com/studio/intro/update.html#download-with-gradle      Using Android SDK: C:\Users\Rifqi Hadi\AppData\Local\Android\sdk  * Try: > Run with --stacktrace option to get the stack trace. > Run with --info or --debug option to get more log output. > Run with --scan to get full insights. > Get more help at https://help.gradle.org.  Deprecated Gradle features were used in this build, making it incompatible with Gradle 9.0.  You can use '--warning-mode all' to show the individual deprecation warnings and determine if they come from your own scripts or plugins.  For more on this, please refer to https://docs.gradle.org/8.3/userguide/command_line_interface.html#sec:command_line_warnings in the Gradle documentation.  BUILD FAILED in 1s 0 was unexpected at this time.